0 info it worked if it ends with ok
1 verbose cli [ 'c:\\Program Files\\nodejs\\node.exe',
1 verbose cli   'c:\\Program Files\\nodejs\\node_modules\\npm\\bin\\npm-cli.js',
1 verbose cli   'start' ]
2 info using npm@3.3.6
3 info using node@v5.0.0
4 verbose run-script [ 'prestart', 'start', 'poststart' ]
5 info lifecycle panamagram@1.0.0~prestart: panamagram@1.0.0
6 silly lifecycle panamagram@1.0.0~prestart: no script for prestart, continuing
7 info lifecycle panamagram@1.0.0~start: panamagram@1.0.0
8 verbose lifecycle panamagram@1.0.0~start: unsafe-perm in lifecycle true
9 verbose lifecycle panamagram@1.0.0~start: PATH: c:\Program Files\nodejs\node_modules\npm\bin\node-gyp-bin;c:\xampp\htdocs\proyectos\aplicaciones\panamagram\app\node_modules\.bin;c:\Users\Victor Jacay\bin;.;C:\RailsInstaller\Git\local\bin;C:\RailsInstaller\Git\mingw\bin;C:\RailsInstaller\Git\bin;c:\Python27\;c:\Python27\Scripts;c:\ProgramData\Oracle\Java\javapath;c:\Program Files (x86)\Intel\iCLS Client\;c:\Program Files\Intel\iCLS Client\;c:\WINDOWS\system32;c:\WINDOWS;c:\WINDOWS\System32\Wbem;c:\WINDOWS\System32\WindowsPowerShell\v1.0\;c:\Program Files\Intel\Intel(R) Management Engine Components\DAL;c:\Program Files\Intel\Intel(R) Management Engine Components\IPT;c:\Program Files (x86)\Intel\Intel(R) Management Engine Components\DAL;c:\Program Files (x86)\Intel\Intel(R) Management Engine Components\IPT;c:\Program Files (x86)\Intel\OpenCL SDK\2.0\bin\x86;c:\Program Files (x86)\Intel\OpenCL SDK\2.0\bin\x64;c:\Program Files (x86)\Microsoft SQL Server\100\Tools\Binn\;c:\Program Files\Microsoft SQL Server\100\Tools\Binn\;c:\Program Files\Microsoft SQL Server\100\DTS\Binn\;c:\Python34\;c:\Python34\Scripts;c:\Program Files (x86)\Bitvise SSH Client;c:\Program Files\Microsoft DNX\Dnvm\;c:\Program Files\nodejs\;c:\Program Files (x86)\Skype\Phone\;c:\Ruby22-x64\bin;C:\RailsInstaller\Git\cmd;c:\RailsInstaller\Ruby2.0.0\bin;c:\Ruby22\bin";c:\Program Files\MongoDB\Server\3.0\bin;c:\Users\Victor Jacay\AppData\Roaming\npm
10 verbose lifecycle panamagram@1.0.0~start: CWD: c:\xampp\htdocs\proyectos\aplicaciones\panamagram\app
11 silly lifecycle panamagram@1.0.0~start: Args: [ '/d /s /c', 'node app' ]
12 silly lifecycle panamagram@1.0.0~start: Returned: code: 1  signal: null
13 info lifecycle panamagram@1.0.0~start: Failed to exec start script
14 verbose stack Error: panamagram@1.0.0 start: `node app`
14 verbose stack Exit status 1
14 verbose stack     at EventEmitter.<anonymous> (c:\Program Files\nodejs\node_modules\npm\lib\utils\lifecycle.js:233:16)
14 verbose stack     at emitTwo (events.js:87:13)
14 verbose stack     at EventEmitter.emit (events.js:172:7)
14 verbose stack     at ChildProcess.<anonymous> (c:\Program Files\nodejs\node_modules\npm\lib\utils\spawn.js:24:14)
14 verbose stack     at emitTwo (events.js:87:13)
14 verbose stack     at ChildProcess.emit (events.js:172:7)
14 verbose stack     at maybeClose (internal/child_process.js:818:16)
14 verbose stack     at Process.ChildProcess._handle.onexit (internal/child_process.js:211:5)
15 verbose pkgid panamagram@1.0.0
16 verbose cwd c:\xampp\htdocs\proyectos\aplicaciones\panamagram\app
17 error Windows_NT 6.3.9600
18 error argv "c:\\Program Files\\nodejs\\node.exe" "c:\\Program Files\\nodejs\\node_modules\\npm\\bin\\npm-cli.js" "start"
19 error node v5.0.0
20 error npm  v3.3.6
21 error code ELIFECYCLE
22 error panamagram@1.0.0 start: `node app`
22 error Exit status 1
23 error Failed at the panamagram@1.0.0 start script 'node app'.
23 error This is most likely a problem with the panamagram package,
23 error not with npm itself.
23 error Tell the author that this fails on your system:
23 error     node app
23 error You can get their info via:
23 error     npm owner ls panamagram
23 error There is likely additional logging output above.
24 verbose exit [ 1, true ]
